=== Suite started at 2026-04-24 16:54:08
=== Starting test, 4 test cases
=cases         4
=user          dmitriy
=host          wink-mint-nb
=hosts         wink-mint-nb 
=emulator_vsn  15.2.7.8
=emulator      beam
=otp_release   27
=started       2026-04-24 16:54:08
=case          ct_framework:init_per_suite
=logfile       ct_framework.init_per_suite.html
=group_props   [{suite,meeting_SUITE}]
=started       2026-04-24 16:54:08
=ended         2026-04-24 16:54:08
=result        ok
=elapsed       0.000002s
=case          meeting_SUITE:init_per_group
=logfile       meeting_suite.init_per_group.html
=group_props   [{name,session}]
=started       2026-04-24 16:54:08
=ended         2026-04-24 16:54:08
=result        failed: {undef,
                           [{meeting,start,[],[]},
                            {meeting_SUITE,init_per_group,2,
                                [{file,"meeting_SUITE.erl"},{line,32}]},
                            {test_server,ts_tc,3,
                                [{file,"test_server.erl"},{line,1794}]},
                            {test_server,run_test_case_eval1,6,
                                [{file,"test_server.erl"},{line,1391}]},
                            {test_server,run_test_case_eval,9,
                                [{file,"test_server.erl"},{line,1235}]}]}, [{meeting,
                                                                             start},
                                                                            {meeting_SUITE,
                                                                             init_per_group,
                                                                             32},
                                                                            {test_server,
                                                                             ts_tc,
                                                                             1794},
                                                                            {test_server,
                                                                             run_test_case_eval1,
                                                                             1391},
                                                                            {test_server,
                                                                             run_test_case_eval,
                                                                             1235}]
=elapsed       0.000086s
=== *** FAILED {meeting_SUITE,init_per_group} ***
=== 
=case          meeting_SUITE:carla
=group_props   [{name,"clients"}]
=started       2026-04-24 16:54:08
=result        auto_skipped: init_per_group failed
=== *** Skipping test case #1 {meeting_SUITE,carla} ***
=== 
=case          meeting_SUITE:mark
=group_props   [{name,"clients"}]
=started       2026-04-24 16:54:08
=result        auto_skipped: init_per_group failed
=== *** Skipping test case #2 {meeting_SUITE,mark} ***
=== 
=case          meeting_SUITE:dog
=group_props   [{name,"clients"}]
=started       2026-04-24 16:54:08
=result        auto_skipped: init_per_group failed
=== *** Skipping test case #3 {meeting_SUITE,dog} ***
=== 
=case          meeting_SUITE:all_same_owner
=group_props   [{name,"session"}]
=started       2026-04-24 16:54:08
=result        auto_skipped: init_per_group failed
=== *** Skipping test case #4 {meeting_SUITE,all_same_owner} ***
=== 
=case          meeting_SUITE:end_per_group
=group_props   [{name,"session"}]
=started       2026-04-24 16:54:08
=result        auto_skipped: init_per_group failed
=== *** Skipping {meeting_SUITE,end_per_group} ***
=case          ct_framework:end_per_suite
=logfile       ct_framework.end_per_suite.html
=group_props   [{suite,meeting_SUITE}]
=started       2026-04-24 16:54:08
=ended         2026-04-24 16:54:08
=result        ok
=elapsed       0.000000s
=group_time    0.062s
=== TEST COMPLETE, 0 ok, 0 failed, 4 skipped of 4 test cases

=finished      2026-04-24 16:54:08
=failed        0
=successful    0
=user_skipped  0
=auto_skipped  4
=elapsed_time  108133
