=== Suite started at 2026-04-24 16:54:25
=== Starting test, 4 test cases
=cases         4
=user          dmitriy
=host          wink-mint-nb
=hosts         wink-mint-nb 
=emulator_vsn  15.2.7.8
=emulator      beam
=otp_release   27
=started       2026-04-24 16:54:25
=case          ct_framework:init_per_suite
=logfile       ct_framework.init_per_suite.html
=group_props   [{suite,meeting_SUITE}]
=started       2026-04-24 16:54:25
=ended         2026-04-24 16:54:25
=result        ok
=elapsed       0.000002s
=case          meeting_SUITE:init_per_group
=logfile       meeting_suite.init_per_group.html
=group_props   [{name,session}]
=started       2026-04-24 16:54:25
=ended         2026-04-24 16:54:25
=result        ok
=elapsed       0.000672s
=case          meeting_SUITE:init_per_group
=logfile       meeting_suite.init_per_group.2306.html
=group_props   [{name,clients},parallel,{repeate,10}]
=started       2026-04-24 16:54:25
=ended         2026-04-24 16:54:25
=result        ok
=elapsed       0.000000s
=case          meeting_SUITE:carla
=logfile       meeting_suite.carla.2370.html
=started       2026-04-24 16:54:25
=ended         2026-04-24 16:54:26
=result        ok
=elapsed       0.022008s
=case          meeting_SUITE:mark
=logfile       meeting_suite.mark.2434.html
=started       2026-04-24 16:54:25
=ended         2026-04-24 16:54:26
=result        ok
=elapsed       0.022063s
=case          meeting_SUITE:dog
=logfile       meeting_suite.dog.2498.html
=started       2026-04-24 16:54:25
=ended         2026-04-24 16:54:26
=result        ok
=elapsed       0.021963s
=case          meeting_SUITE:end_per_group
=logfile       meeting_suite.end_per_group.html
=group_props   [{name,clients},parallel,{repeate,10}]
=started       2026-04-24 16:54:26
=ended         2026-04-24 16:54:26
=result        ok
=elapsed       0.000000s
=group_time    0.079s
=case          meeting_SUITE:all_same_owner
=logfile       meeting_suite.all_same_owner.html
=started       2026-04-24 16:54:26
=ended         2026-04-24 16:54:26
=result        ok
=elapsed       0.000004s
=case          meeting_SUITE:end_per_group
=logfile       meeting_suite.end_per_group.12.html
=group_props   [{name,session}]
=started       2026-04-24 16:54:26
=ended         2026-04-24 16:54:26
=result        ok
=elapsed       0.000001s
=group_time    0.161s
=case          ct_framework:end_per_suite
=logfile       ct_framework.end_per_suite.html
=group_props   [{suite,meeting_SUITE}]
=started       2026-04-24 16:54:26
=ended         2026-04-24 16:54:26
=result        ok
=elapsed       0.000001s
=group_time    0.215s
=== TEST COMPLETE, 4 ok, 0 failed of 4 test cases

=finished      2026-04-24 16:54:26
=failed        0
=successful    4
=user_skipped  0
=auto_skipped  0
=elapsed_time  263215
